Added Component: Designator=U1(SOIC-8 EP)
Add component. Clean all parameters for all variants
Add component (AddParameter): Name = "BRAND"; Value = ""; VariantName = "[No Variations]"
Add component (AddParameter): Name = "PACKAGE"; Value = ""; VariantName = "[No Variations]"
Add component (AddParameter): Name = "PART NO"; Value = ""; VariantName = "[No Variations]"
Add component (AddParameter): Name = "STOCK CODE"; Value = ""; VariantName = "[No Variations]"
Add component (AddParameter): Name = "SUPPLIER"; Value = ""; VariantName = "[No Variations]"
Add component (AddParameter): Name = "TYPE"; Value = ""; VariantName = "[No Variations]"
Added Component: Designator=U4(MODULE_ESP32-WROOM-32)
Add component. Clean all parameters for all variants
Add component (AddParameter): Name = "Availability"; Value = "Unavailable"; VariantName = "[No Variations]"
Add component (AddParameter): Name = "MF"; Value = "Espressif Systems"; VariantName = "[No Variations]"
Add component (AddParameter): Name = "MP"; Value = "ESP32-WROOM-32D"; VariantName = "[No Variations]"
Add component (AddParameter): Name = "Package"; Value = "Module Espressif Systems"; VariantName = "[No Variations]"
Add component (AddParameter): Name = "Price"; Value = "None"; VariantName = "[No Variations]"
Add component (AddParameter): Name = "SnapEDA_Link"; Value = "https://www.snapeda.com/parts/ESP32-WROOM-32D/Espressif%20Systems/view-part/2768115/?ref=snap"; VariantName = "[No Variations]"
Add component (AddParameter): Name = "Value"; Value = ""; VariantName = "[No Variations]"
Added Pin To Net: NetName=NetC1_1 Pin=U1-1
Added Pin To Net: NetName=NetR2_1 Pin=U1-4
Added Pin To Net: NetName=NetR1_2 Pin=U1-5
Added Pin To Net: NetName=GND Pin=U1-6
Added Pin To Net: NetName=VIN_FIL Pin=U1-7
Added Pin To Net: NetName=NetC1_2 Pin=U1-8
Added Pin To Net: NetName=GND Pin=U1-9
Added Pin To Net: NetName=NetC10_2 Pin=U4-1
Added Pin To Net: NetName=3V3 Pin=U4-2
Added Pin To Net: NetName=NetR12_2 Pin=U4-3
Added Pin To Net: NetName=ADC_CH6 Pin=U4-6
Added Pin To Net: NetName=3V3/2 Pin=U4-7
Added Pin To Net: NetName=LED0 Pin=U4-8
Added Pin To Net: NetName=LED1 Pin=U4-9
Added Pin To Net: NetName=SW1 Pin=U4-10
Added Pin To Net: NetName=SW2 Pin=U4-11
Added Pin To Net: NetName=SW3 Pin=U4-12
Added Pin To Net: NetName=SW4 Pin=U4-13
Added Pin To Net: NetName=GND Pin=U4-15
Added Pin To Net: NetName=NetJ1_2 Pin=U4-25
Added Pin To Net: NetName=RXD0 Pin=U4-34
Added Pin To Net: NetName=TXD0 Pin=U4-35
Added Pin To Net: NetName=RS485_EN Pin=U4-36
Added Pin To Net: NetName=GND Pin=U4-38
Added Pin To Net: NetName=GND Pin=U4-39
Added Pin To Net: NetName=GND Pin=U4-39
Added Pin To Net: NetName=GND Pin=U4-39
Added Pin To Net: NetName=GND Pin=U4-39
Added Pin To Net: NetName=GND Pin=U4-39
Added Pin To Net: NetName=GND Pin=U4-39
Added Pin To Net: NetName=GND Pin=U4-39
Added Pin To Net: NetName=GND Pin=U4-39
Added Pin To Net: NetName=GND Pin=U4-39
Added Pin To Net: NetName=GND Pin=U4-39
Added Pin To Net: NetName=GND Pin=U4-39
Added Pin To Net: NetName=GND Pin=U4-39
Added Pin To Net: NetName=GND Pin=U4-39
Added Pin To Net: NetName=GND Pin=U4-39
Added Pin To Net: NetName=GND Pin=U4-39
Added Pin To Net: NetName=GND Pin=U4-39
Added Pin To Net: NetName=GND Pin=U4-39
Added Pin To Net: NetName=GND Pin=U4-39
Added Pin To Net: NetName=GND Pin=U4-39
Added Pin To Net: NetName=GND Pin=U4-39
Added Pin To Net: NetName=GND Pin=U4-39
Added Member To Class: ClassName=3V3REGULATOR Member=Component U1 TPS54xx
Added Member To Class: ClassName=ESP_32 Member=Component U4 ESP32-WROOM-32
Added Room: Name=3V3REGULATOR
Added Room: Name=CURRENT_SENSOR
Added Room: Name=ESP_32
Added Room: Name=LED
Added Room: Name=RS485_PART
Added Room: Name=SW
